<?xml version="1.0" encoding="UTF-8"?>
<testng-results ignored="0" total="3" passed="2" failed="1" skipped="0">
  <reporter-output>
  </reporter-output>
  <suite started-at="2022-10-29T17:51:02 PDT" name="Dalal_Suite" finished-at="2022-10-29T17:52:31 PDT" duration-ms="89150">
    <groups>
    </groups>
    <test started-at="2022-10-29T17:51:02 PDT" name="Test" finished-at="2022-10-29T17:52:31 PDT" duration-ms="89150">
      <class name="com.testLayer.BuyScenarioTest">
        <test-method is-config="true" signature="start()[pri:0, instance:com.testLayer.BuyScenarioTest@67c33749]" started-at="2022-10-29T17:51:32 PDT" name="start" finished-at="2022-10-29T17:51:32 PDT" duration-ms="55" status="PASS">
          <reporter-output>
          </reporter-output>
        </test-method> <!-- start -->
        <test-method is-config="true" signature="openBrowser()[pri:0, instance:com.testLayer.BuyScenarioTest@67c33749]" started-at="2022-10-29T17:51:32 PDT" name="openBrowser" finished-at="2022-10-29T17:51:42 PDT" duration-ms="9473" status="PASS">
          <reporter-output>
          </reporter-output>
        </test-method> <!-- openBrowser -->
        <test-method signature="BuyShareWithCustomLimit()[pri:1, instance:com.testLayer.BuyScenarioTest@67c33749]" started-at="2022-10-29T17:51:42 PDT" name="BuyShareWithCustomLimit" finished-at="2022-10-29T17:51:59 PDT" duration-ms="16871" status="FAIL">
          <exception class="java.lang.AssertionError">
            <message>
              <![CDATA[expected [Limit Order Created Successfully12456] but found [Limit Order Created Successfully]]]>
            </message>
            <full-stacktrace>
              <![CDATA[java.lang.AssertionError: expected [Limit Order Created Successfully12456] but found [Limit Order Created Successfully]
at org.testng.Assert.fail(Assert.java:99)
at org.testng.Assert.failNotEquals(Assert.java:1037)
at org.testng.Assert.assertEqualsImpl(Assert.java:140)
at org.testng.Assert.assertEquals(Assert.java:122)
at org.testng.Assert.assertEquals(Assert.java:629)
at org.testng.Assert.assertEquals(Assert.java:639)
at com.testLayer.BuyScenarioTest.BuyShareWithCustomLimit(BuyScenarioTest.java:51)
at java.base/jdk.internal.reflect.NativeMethodAccessorImpl.invoke0(Native Method)
at java.base/jdk.internal.reflect.NativeMethodAccessorImpl.invoke(NativeMethodAccessorImpl.java:77)
at java.base/jdk.internal.reflect.DelegatingMethodAccessorImpl.invoke(DelegatingMethodAccessorImpl.java:43)
at java.base/java.lang.reflect.Method.invoke(Method.java:568)
at org.testng.internal.MethodInvocationHelper.invokeMethod(MethodInvocationHelper.java:133)
at org.testng.internal.TestInvoker.invokeMethod(TestInvoker.java:598)
at org.testng.internal.TestInvoker.invokeTestMethod(TestInvoker.java:173)
at org.testng.internal.MethodRunner.runInSequence(MethodRunner.java:46)
at org.testng.internal.TestInvoker$MethodInvocationAgent.invoke(TestInvoker.java:824)
at org.testng.internal.TestInvoker.invokeTestMethods(TestInvoker.java:146)
at org.testng.internal.TestMethodWorker.invokeTestMethods(TestMethodWorker.java:146)
at org.testng.internal.TestMethodWorker.run(TestMethodWorker.java:128)
at java.base/java.util.ArrayList.forEach(ArrayList.java:1511)
at org.testng.TestRunner.privateRun(TestRunner.java:794)
at org.testng.TestRunner.run(TestRunner.java:596)
at org.testng.SuiteRunner.runTest(SuiteRunner.java:377)
at org.testng.SuiteRunner.runSequentially(SuiteRunner.java:371)
at org.testng.SuiteRunner.privateRun(SuiteRunner.java:332)
at org.testng.SuiteRunner.run(SuiteRunner.java:276)
at org.testng.SuiteRunnerWorker.runSuite(SuiteRunnerWorker.java:53)
at org.testng.SuiteRunnerWorker.run(SuiteRunnerWorker.java:96)
at org.testng.TestNG.runSuitesSequentially(TestNG.java:1212)
at org.testng.TestNG.runSuitesLocally(TestNG.java:1134)
at org.testng.TestNG.runSuites(TestNG.java:1063)
at org.testng.TestNG.run(TestNG.java:1031)
at org.testng.remote.AbstractRemoteTestNG.run(AbstractRemoteTestNG.java:115)
at org.testng.remote.RemoteTestNG.initAndRun(RemoteTestNG.java:251)
at org.testng.remote.RemoteTestNG.main(RemoteTestNG.java:77)
]]>
            </full-stacktrace>
          </exception> <!-- java.lang.AssertionError -->
          <reporter-output>
          </reporter-output>
        </test-method> <!-- BuyShareWithCustomLimit -->
        <test-method is-config="true" signature="tearDown()[pri:0, instance:com.testLayer.BuyScenarioTest@67c33749]" started-at="2022-10-29T17:52:01 PDT" name="tearDown" finished-at="2022-10-29T17:52:06 PDT" duration-ms="4752" status="PASS">
          <reporter-output>
          </reporter-output>
        </test-method> <!-- tearDown -->
        <test-method is-config="true" signature="openBrowser()[pri:0, instance:com.testLayer.BuyScenarioTest@67c33749]" started-at="2022-10-29T17:52:06 PDT" name="openBrowser" finished-at="2022-10-29T17:52:15 PDT" duration-ms="8647" status="PASS">
          <reporter-output>
          </reporter-output>
        </test-method> <!-- openBrowser -->
        <test-method signature="buyShareforLongTerm()[pri:2, instance:com.testLayer.BuyScenarioTest@67c33749]" started-at="2022-10-29T17:52:15 PDT" name="buyShareforLongTerm" finished-at="2022-10-29T17:52:25 PDT" duration-ms="10813" status="PASS">
          <reporter-output>
          </reporter-output>
        </test-method> <!-- buyShareforLongTerm -->
        <test-method is-config="true" signature="tearDown()[pri:0, instance:com.testLayer.BuyScenarioTest@67c33749]" started-at="2022-10-29T17:52:25 PDT" name="tearDown" finished-at="2022-10-29T17:52:31 PDT" duration-ms="5436" status="PASS">
          <reporter-output>
          </reporter-output>
        </test-method> <!-- tearDown -->
        <test-method is-config="true" signature="stop()[pri:0, instance:com.testLayer.BuyScenarioTest@67c33749]" started-at="2022-10-29T17:52:31 PDT" name="stop" finished-at="2022-10-29T17:52:31 PDT" duration-ms="0" status="PASS">
          <reporter-output>
          </reporter-output>
        </test-method> <!-- stop -->
      </class> <!-- com.testLayer.BuyScenarioTest -->
      <class name="com.testLayer.LoginPageTest">
        <test-method is-config="true" signature="start()[pri:0, instance:com.testLayer.LoginPageTest@63a12c68]" started-at="2022-10-29T17:51:02 PDT" name="start" finished-at="2022-10-29T17:51:02 PDT" duration-ms="104" status="PASS">
          <reporter-output>
          </reporter-output>
        </test-method> <!-- start -->
        <test-method is-config="true" signature="openBrowser()[pri:0, instance:com.testLayer.LoginPageTest@63a12c68]" started-at="2022-10-29T17:51:02 PDT" name="openBrowser" finished-at="2022-10-29T17:51:21 PDT" duration-ms="18875" status="PASS">
          <reporter-output>
          </reporter-output>
        </test-method> <!-- openBrowser -->
        <test-method signature="logintest()[pri:1, instance:com.testLayer.LoginPageTest@63a12c68]" started-at="2022-10-29T17:51:21 PDT" name="logintest" finished-at="2022-10-29T17:51:26 PDT" duration-ms="5547" status="PASS">
          <reporter-output>
          </reporter-output>
        </test-method> <!-- logintest -->
        <test-method is-config="true" signature="tearDown()[pri:0, instance:com.testLayer.LoginPageTest@63a12c68]" started-at="2022-10-29T17:51:26 PDT" name="tearDown" finished-at="2022-10-29T17:51:32 PDT" duration-ms="5843" status="PASS">
          <reporter-output>
          </reporter-output>
        </test-method> <!-- tearDown -->
        <test-method is-config="true" signature="stop()[pri:0, instance:com.testLayer.LoginPageTest@63a12c68]" started-at="2022-10-29T17:51:32 PDT" name="stop" finished-at="2022-10-29T17:51:32 PDT" duration-ms="0" status="PASS">
          <reporter-output>
          </reporter-output>
        </test-method> <!-- stop -->
      </class> <!-- com.testLayer.LoginPageTest -->
    </test> <!-- Test -->
  </suite> <!-- Dalal_Suite -->
</testng-results>
